[0.854s] Invoking command in '/Users/hannahgillespie/aod_detection/ros2_ws/src/drone_video_feed': CONDA_PROMPT_MODIFIER=(ros_env) PYTHONPATH=/Users/hannahgillespie/aod_detection/ros2_ws/build/drone_video_feed/prefix_override:/Users/hannahgillespie/miniconda3/envs/ros_env/lib/python3.10/site-packages/colcon_core/task/python/colcon_distutils_commands:/Users/hannahgillespie/aod_detection/ros2_ws/install/drone_video_feed/lib/python3.10/site-packages:${PYTHONPATH} SHLVL=2 _=/Users/hannahgillespie/miniconda3/envs/ros_env/bin/env __CF_USER_TEXT_ENCODING=0x1F5:0x0:0x0 /Users/hannahgillespie/miniconda3/envs/ros_env/bin/python3.10 -W ignore:setup.py install is deprecated setup.py egg_info --egg-base ../../build/drone_video_feed build --build-base /Users/hannahgillespie/aod_detection/ros2_ws/build/drone_video_feed/build install --record /Users/hannahgillespie/aod_detection/ros2_ws/build/drone_video_feed/install.log --single-version-externally-managed install_data
[1.062s] running egg_info
[1.062s] creating ../../build/drone_video_feed/drone_video_feed.egg-info
[1.073s] writing ../../build/drone_video_feed/drone_video_feed.egg-info/PKG-INFO
[1.073s] writing dependency_links to ../../build/drone_video_feed/drone_video_feed.egg-info/dependency_links.txt
[1.074s] writing entry points to ../../build/drone_video_feed/drone_video_feed.egg-info/entry_points.txt
[1.074s] writing requirements to ../../build/drone_video_feed/drone_video_feed.egg-info/requires.txt
[1.074s] writing top-level names to ../../build/drone_video_feed/drone_video_feed.egg-info/top_level.txt
[1.074s] writing manifest file '../../build/drone_video_feed/drone_video_feed.egg-info/SOURCES.txt'
[1.097s] reading manifest file '../../build/drone_video_feed/drone_video_feed.egg-info/SOURCES.txt'
[1.098s] writing manifest file '../../build/drone_video_feed/drone_video_feed.egg-info/SOURCES.txt'
[1.098s] running build
[1.098s] running build_py
[1.099s] creating /Users/hannahgillespie/aod_detection/ros2_ws/build/drone_video_feed/build
[1.099s] creating /Users/hannahgillespie/aod_detection/ros2_ws/build/drone_video_feed/build/lib
[1.099s] creating /Users/hannahgillespie/aod_detection/ros2_ws/build/drone_video_feed/build/lib/drone_video_feed
[1.099s] copying drone_video_feed/video_feed_node.py -> /Users/hannahgillespie/aod_detection/ros2_ws/build/drone_video_feed/build/lib/drone_video_feed
[1.100s] copying drone_video_feed/quadcopter_controller.py -> /Users/hannahgillespie/aod_detection/ros2_ws/build/drone_video_feed/build/lib/drone_video_feed
[1.101s] copying drone_video_feed/__init__.py -> /Users/hannahgillespie/aod_detection/ros2_ws/build/drone_video_feed/build/lib/drone_video_feed
[1.101s] running install
[1.105s] running install_lib
[1.116s] creating /Users/hannahgillespie/aod_detection/ros2_ws/install/drone_video_feed/lib/python3.10/site-packages/drone_video_feed
[1.116s] copying /Users/hannahgillespie/aod_detection/ros2_ws/build/drone_video_feed/build/lib/drone_video_feed/video_feed_node.py -> /Users/hannahgillespie/aod_detection/ros2_ws/install/drone_video_feed/lib/python3.10/site-packages/drone_video_feed
[1.116s] copying /Users/hannahgillespie/aod_detection/ros2_ws/build/drone_video_feed/build/lib/drone_video_feed/quadcopter_controller.py -> /Users/hannahgillespie/aod_detection/ros2_ws/install/drone_video_feed/lib/python3.10/site-packages/drone_video_feed
[1.116s] copying /Users/hannahgillespie/aod_detection/ros2_ws/build/drone_video_feed/build/lib/drone_video_feed/__init__.py -> /Users/hannahgillespie/aod_detection/ros2_ws/install/drone_video_feed/lib/python3.10/site-packages/drone_video_feed
[1.117s] byte-compiling /Users/hannahgillespie/aod_detection/ros2_ws/install/drone_video_feed/lib/python3.10/site-packages/drone_video_feed/video_feed_node.py to video_feed_node.cpython-310.pyc
[1.117s] byte-compiling /Users/hannahgillespie/aod_detection/ros2_ws/install/drone_video_feed/lib/python3.10/site-packages/drone_video_feed/quadcopter_controller.py to quadcopter_controller.cpython-310.pyc
[1.118s] byte-compiling /Users/hannahgillespie/aod_detection/ros2_ws/install/drone_video_feed/lib/python3.10/site-packages/drone_video_feed/__init__.py to __init__.cpython-310.pyc
[1.118s] running install_data
[1.118s] creating /Users/hannahgillespie/aod_detection/ros2_ws/install/drone_video_feed/share/ament_index
[1.119s] creating /Users/hannahgillespie/aod_detection/ros2_ws/install/drone_video_feed/share/ament_index/resource_index
[1.119s] creating /Users/hannahgillespie/aod_detection/ros2_ws/install/drone_video_feed/share/ament_index/resource_index/packages
[1.119s] copying resource/drone_video_feed -> /Users/hannahgillespie/aod_detection/ros2_ws/install/drone_video_feed/share/ament_index/resource_index/packages
[1.119s] copying package.xml -> /Users/hannahgillespie/aod_detection/ros2_ws/install/drone_video_feed/share/drone_video_feed
[1.119s] creating /Users/hannahgillespie/aod_detection/ros2_ws/install/drone_video_feed/share/drone_video_feed/launch
[1.119s] copying launch/launch.py -> /Users/hannahgillespie/aod_detection/ros2_ws/install/drone_video_feed/share/drone_video_feed/launch
[1.119s] creating /Users/hannahgillespie/aod_detection/ros2_ws/install/drone_video_feed/share/drone_video_feed/config
[1.119s] copying config/quadcopter_camera.rviz -> /Users/hannahgillespie/aod_detection/ros2_ws/install/drone_video_feed/share/drone_video_feed/config
[1.120s] running install_egg_info
[1.133s] Copying ../../build/drone_video_feed/drone_video_feed.egg-info to /Users/hannahgillespie/aod_detection/ros2_ws/install/drone_video_feed/lib/python3.10/site-packages/drone_video_feed-0.0.1-py3.10.egg-info
[1.134s] running install_scripts
[1.226s] Installing quadcopter_controller script to /Users/hannahgillespie/aod_detection/ros2_ws/install/drone_video_feed/lib/drone_video_feed
[1.226s] Installing video_feed_node script to /Users/hannahgillespie/aod_detection/ros2_ws/install/drone_video_feed/lib/drone_video_feed
[1.226s] writing list of installed files to '/Users/hannahgillespie/aod_detection/ros2_ws/build/drone_video_feed/install.log'
[1.246s] Invoked command in '/Users/hannahgillespie/aod_detection/ros2_ws/src/drone_video_feed' returned '0': CONDA_PROMPT_MODIFIER=(ros_env) PYTHONPATH=/Users/hannahgillespie/aod_detection/ros2_ws/build/drone_video_feed/prefix_override:/Users/hannahgillespie/miniconda3/envs/ros_env/lib/python3.10/site-packages/colcon_core/task/python/colcon_distutils_commands:/Users/hannahgillespie/aod_detection/ros2_ws/install/drone_video_feed/lib/python3.10/site-packages:${PYTHONPATH} SHLVL=2 _=/Users/hannahgillespie/miniconda3/envs/ros_env/bin/env __CF_USER_TEXT_ENCODING=0x1F5:0x0:0x0 /Users/hannahgillespie/miniconda3/envs/ros_env/bin/python3.10 -W ignore:setup.py install is deprecated setup.py egg_info --egg-base ../../build/drone_video_feed build --build-base /Users/hannahgillespie/aod_detection/ros2_ws/build/drone_video_feed/build install --record /Users/hannahgillespie/aod_detection/ros2_ws/build/drone_video_feed/install.log --single-version-externally-managed install_data
