running egg_info
writing ../../build/drone_video_feed/drone_video_feed.egg-info/PKG-INFO
writing dependency_links to ../../build/drone_video_feed/drone_video_feed.egg-info/dependency_links.txt
writing entry points to ../../build/drone_video_feed/drone_video_feed.egg-info/entry_points.txt
writing requirements to ../../build/drone_video_feed/drone_video_feed.egg-info/requires.txt
writing top-level names to ../../build/drone_video_feed/drone_video_feed.egg-info/top_level.txt
reading manifest file '../../build/drone_video_feed/drone_video_feed.egg-info/SOURCES.txt'
writing manifest file '../../build/drone_video_feed/drone_video_feed.egg-info/SOURCES.txt'
running build
running build_py
running install
running install_lib
running install_data
running install_egg_info
removing '/Users/hannahgillespie/aod_detection/ros2_ws/install/drone_video_feed/lib/python3.10/site-packages/drone_video_feed-0.0.1-py3.10.egg-info' (and everything under it)
Copying ../../build/drone_video_feed/drone_video_feed.egg-info to /Users/hannahgillespie/aod_detection/ros2_ws/install/drone_video_feed/lib/python3.10/site-packages/drone_video_feed-0.0.1-py3.10.egg-info
running install_scripts
Installing quadcopter_controller script to /Users/hannahgillespie/aod_detection/ros2_ws/install/drone_video_feed/lib/drone_video_feed
Installing video_feed_node script to /Users/hannahgillespie/aod_detection/ros2_ws/install/drone_video_feed/lib/drone_video_feed
writing list of installed files to '/Users/hannahgillespie/aod_detection/ros2_ws/build/drone_video_feed/install.log'
