[0.523s] Invoking command in '/Users/hannahgillespie/aod_detection/ros2_ws/src/drone_video_feed': CONDA_PROMPT_MODIFIER=(ros_env) PYTHONPATH=/Users/hannahgillespie/aod_detection/ros2_ws/build/drone_video_feed/prefix_override:/Users/hannahgillespie/miniconda3/envs/ros_env/lib/python3.10/site-packages/colcon_core/task/python/colcon_distutils_commands:/Users/hannahgillespie/aod_detection/ros2_ws/install/drone_video_feed/lib/python3.10/site-packages:${PYTHONPATH} SHLVL=3 _=/Users/hannahgillespie/miniconda3/envs/ros_env/bin/env __CF_USER_TEXT_ENCODING=0x1F5:0x0:0x0 /Users/hannahgillespie/miniconda3/envs/ros_env/bin/python3.10 -W ignore:setup.py install is deprecated setup.py egg_info --egg-base ../../build/drone_video_feed build --build-base /Users/hannahgillespie/aod_detection/ros2_ws/build/drone_video_feed/build install --record /Users/hannahgillespie/aod_detection/ros2_ws/build/drone_video_feed/install.log --single-version-externally-managed install_data
[0.664s] running egg_info
[0.672s] writing ../../build/drone_video_feed/drone_video_feed.egg-info/PKG-INFO
[0.673s] writing dependency_links to ../../build/drone_video_feed/drone_video_feed.egg-info/dependency_links.txt
[0.673s] writing entry points to ../../build/drone_video_feed/drone_video_feed.egg-info/entry_points.txt
[0.674s] writing requirements to ../../build/drone_video_feed/drone_video_feed.egg-info/requires.txt
[0.674s] writing top-level names to ../../build/drone_video_feed/drone_video_feed.egg-info/top_level.txt
[0.690s] reading manifest file '../../build/drone_video_feed/drone_video_feed.egg-info/SOURCES.txt'
[0.690s] writing manifest file '../../build/drone_video_feed/drone_video_feed.egg-info/SOURCES.txt'
[0.691s] running build
[0.691s] running build_py
[0.691s] copying drone_video_feed/video_feed_node.py -> /Users/hannahgillespie/aod_detection/ros2_ws/build/drone_video_feed/build/lib/drone_video_feed
[0.691s] copying drone_video_feed/quadcopter_controller.py -> /Users/hannahgillespie/aod_detection/ros2_ws/build/drone_video_feed/build/lib/drone_video_feed
[0.692s] copying drone_video_feed/__init__.py -> /Users/hannahgillespie/aod_detection/ros2_ws/build/drone_video_feed/build/lib/drone_video_feed
[0.692s] running install
[0.695s] running install_lib
[0.704s] running install_data
[0.704s] copying resource/drone_video_feed -> /Users/hannahgillespie/aod_detection/ros2_ws/install/drone_video_feed/share/ament_index/resource_index/packages
[0.704s] copying package.xml -> /Users/hannahgillespie/aod_detection/ros2_ws/install/drone_video_feed/share/drone_video_feed
[0.705s] copying launch/launch.py -> /Users/hannahgillespie/aod_detection/ros2_ws/install/drone_video_feed/share/drone_video_feed/launch
[0.705s] copying config/quadcopter_camera.rviz -> /Users/hannahgillespie/aod_detection/ros2_ws/install/drone_video_feed/share/drone_video_feed/config
[0.706s] running install_egg_info
[0.714s] removing '/Users/hannahgillespie/aod_detection/ros2_ws/install/drone_video_feed/lib/python3.10/site-packages/drone_video_feed-0.0.1-py3.10.egg-info' (and everything under it)
[0.715s] Copying ../../build/drone_video_feed/drone_video_feed.egg-info to /Users/hannahgillespie/aod_detection/ros2_ws/install/drone_video_feed/lib/python3.10/site-packages/drone_video_feed-0.0.1-py3.10.egg-info
[0.716s] running install_scripts
[0.785s] Installing quadcopter_controller script to /Users/hannahgillespie/aod_detection/ros2_ws/install/drone_video_feed/lib/drone_video_feed
[0.785s] Installing video_feed_node script to /Users/hannahgillespie/aod_detection/ros2_ws/install/drone_video_feed/lib/drone_video_feed
[0.785s] writing list of installed files to '/Users/hannahgillespie/aod_detection/ros2_ws/build/drone_video_feed/install.log'
[0.800s] Invoked command in '/Users/hannahgillespie/aod_detection/ros2_ws/src/drone_video_feed' returned '0': CONDA_PROMPT_MODIFIER=(ros_env) PYTHONPATH=/Users/hannahgillespie/aod_detection/ros2_ws/build/drone_video_feed/prefix_override:/Users/hannahgillespie/miniconda3/envs/ros_env/lib/python3.10/site-packages/colcon_core/task/python/colcon_distutils_commands:/Users/hannahgillespie/aod_detection/ros2_ws/install/drone_video_feed/lib/python3.10/site-packages:${PYTHONPATH} SHLVL=3 _=/Users/hannahgillespie/miniconda3/envs/ros_env/bin/env __CF_USER_TEXT_ENCODING=0x1F5:0x0:0x0 /Users/hannahgillespie/miniconda3/envs/ros_env/bin/python3.10 -W ignore:setup.py install is deprecated setup.py egg_info --egg-base ../../build/drone_video_feed build --build-base /Users/hannahgillespie/aod_detection/ros2_ws/build/drone_video_feed/build install --record /Users/hannahgillespie/aod_detection/ros2_ws/build/drone_video_feed/install.log --single-version-externally-managed install_data
