[0.123s] [34mcolcon[0m [1;30mDEBUG[0m [32mCommand line arguments: ['/Users/hannahgillespie/miniconda3/envs/ros2_env/bin/colcon', 'build'][0m
[0.123s] [34mcolcon[0m [1;30mDEBUG[0m [32mParsed command line arguments: Namespace(log_base=None, log_level=None, verb_name='build', build_base='build', install_base='install', merge_install=False, symlink_install=False, test_result_base=None, continue_on_error=False, executor='parallel', parallel_workers=8, event_handlers=None, ignore_user_meta=False, metas=['./colcon.meta'], base_paths=['.'], packages_ignore=None, packages_ignore_regex=None, paths=None, packages_up_to=None, packages_up_to_regex=None, packages_above=None, packages_above_and_dependencies=None, packages_above_depth=None, packages_select_by_dep=None, packages_skip_by_dep=None, packages_skip_up_to=None, packages_select_build_failed=False, packages_skip_build_finished=False, packages_select_test_failures=False, packages_skip_test_passed=False, packages_select=None, packages_skip=None, packages_select_regex=None, packages_skip_regex=None, packages_start=None, packages_end=None, cmake_args=None, cmake_target=None, cmake_target_skip_unavailable=False, cmake_clean_cache=False, cmake_clean_first=False, cmake_force_configure=False, ament_cmake_args=None, catkin_cmake_args=None, catkin_skip_building_tests=False, verb_parser=<colcon_defaults.argument_parser.defaults.DefaultArgumentsDecorator object at 0x10640bbe0>, verb_extension=<colcon_core.verb.build.BuildVerb object at 0x10640b610>, main=<bound method BuildVerb.main of <colcon_core.verb.build.BuildVerb object at 0x10640b610>>)[0m
[0.158s] [34mcolcon.colcon_core.package_discovery[0m [1;30mLevel 1[0m discover_packages(colcon_meta) check parameters
[0.158s] [34mcolcon.colcon_core.package_discovery[0m [1;30mLevel 1[0m discover_packages(recursive) check parameters
[0.158s] [34mcolcon.colcon_core.package_discovery[0m [1;30mLevel 1[0m discover_packages(ignore) check parameters
[0.158s] [34mcolcon.colcon_core.package_discovery[0m [1;30mLevel 1[0m discover_packages(path) check parameters
[0.158s] [34mcolcon.colcon_core.package_discovery[0m [1;30mLevel 1[0m discover_packages(colcon_meta) discover
[0.158s] [34mcolcon.colcon_core.package_discovery[0m [1;30mLevel 1[0m discover_packages(recursive) discover
[0.158s] [34mcolcon.colcon_core.package_discovery[0m [1;30mINFO[0m Crawling recursively for packages in '/Users/hannahgillespie/aod_detection/ros2_ws'
[0.158s] [34mcolcon.colcon_core.package_identification[0m [1;30mLevel 1[0m _identify(.) by extensions ['ignore', 'ignore_ament_install']
[0.159s] [34mcolcon.colcon_core.package_identification[0m [1;30mLevel 1[0m _identify(.) by extension 'ignore'
[0.159s] [34mcolcon.colcon_core.package_identification[0m [1;30mLevel 1[0m _identify(.) by extension 'ignore_ament_install'
[0.159s] [34mcolcon.colcon_core.package_identification[0m [1;30mLevel 1[0m _identify(.) by extensions ['colcon_pkg']
[0.159s] [34mcolcon.colcon_core.package_identification[0m [1;30mLevel 1[0m _identify(.) by extension 'colcon_pkg'
[0.159s] [34mcolcon.colcon_core.package_identification[0m [1;30mLevel 1[0m _identify(.) by extensions ['colcon_meta']
[0.159s] [34mcolcon.colcon_core.package_identification[0m [1;30mLevel 1[0m _identify(.) by extension 'colcon_meta'
[0.159s] [34mcolcon.colcon_core.package_identification[0m [1;30mLevel 1[0m _identify(.) by extensions ['ros']
[0.159s] [34mcolcon.colcon_core.package_identification[0m [1;30mLevel 1[0m _identify(.) by extension 'ros'
[0.177s] [34mcolcon.colcon_core.package_identification[0m [1;30mLevel 1[0m _identify(.) by extensions ['cmake', 'python']
[0.177s] [34mcolcon.colcon_core.package_identification[0m [1;30mLevel 1[0m _identify(.) by extension 'cmake'
[0.178s] [34mcolcon.colcon_core.package_identification[0m [1;30mLevel 1[0m _identify(.) by extension 'python'
[0.178s] [34mcolcon.colcon_core.package_identification[0m [1;30mLevel 1[0m _identify(.) by extensions ['python_setup_py']
[0.178s] [34mcolcon.colcon_core.package_identification[0m [1;30mLevel 1[0m _identify(.) by extension 'python_setup_py'
[0.178s] [34mcolcon.colcon_core.package_identification[0m [1;30mLevel 1[0m _identify(build) by extensions ['ignore', 'ignore_ament_install']
[0.178s] [34mcolcon.colcon_core.package_identification[0m [1;30mLevel 1[0m _identify(build) by extension 'ignore'
[0.178s] [34mcolcon.colcon_core.package_identification[0m [1;30mLevel 1[0m _identify(build) ignored
[0.178s] [34mcolcon.colcon_core.package_identification[0m [1;30mLevel 1[0m _identify(install) by extensions ['ignore', 'ignore_ament_install']
[0.178s] [34mcolcon.colcon_core.package_identification[0m [1;30mLevel 1[0m _identify(install) by extension 'ignore'
[0.178s] [34mcolcon.colcon_core.package_identification[0m [1;30mLevel 1[0m _identify(install) ignored
[0.178s] [34mcolcon.colcon_core.package_identification[0m [1;30mLevel 1[0m _identify(log) by extensions ['ignore', 'ignore_ament_install']
[0.178s] [34mcolcon.colcon_core.package_identification[0m [1;30mLevel 1[0m _identify(log) by extension 'ignore'
[0.178s] [34mcolcon.colcon_core.package_identification[0m [1;30mLevel 1[0m _identify(log) ignored
[0.178s] [34mcolcon.colcon_core.package_identification[0m [1;30mLevel 1[0m _identify(src) by extensions ['ignore', 'ignore_ament_install']
[0.178s] [34mcolcon.colcon_core.package_identification[0m [1;30mLevel 1[0m _identify(src) by extension 'ignore'
[0.178s] [34mcolcon.colcon_core.package_identification[0m [1;30mLevel 1[0m _identify(src) by extension 'ignore_ament_install'
[0.178s] [34mcolcon.colcon_core.package_identification[0m [1;30mLevel 1[0m _identify(src) by extensions ['colcon_pkg']
[0.178s] [34mcolcon.colcon_core.package_identification[0m [1;30mLevel 1[0m _identify(src) by extension 'colcon_pkg'
[0.178s] [34mcolcon.colcon_core.package_identification[0m [1;30mLevel 1[0m _identify(src) by extensions ['colcon_meta']
[0.178s] [34mcolcon.colcon_core.package_identification[0m [1;30mLevel 1[0m _identify(src) by extension 'colcon_meta'
[0.178s] [34mcolcon.colcon_core.package_identification[0m [1;30mLevel 1[0m _identify(src) by extensions ['ros']
[0.178s] [34mcolcon.colcon_core.package_identification[0m [1;30mLevel 1[0m _identify(src) by extension 'ros'
[0.178s] [34mcolcon.colcon_core.package_identification[0m [1;30mLevel 1[0m _identify(src) by extensions ['cmake', 'python']
[0.178s] [34mcolcon.colcon_core.package_identification[0m [1;30mLevel 1[0m _identify(src) by extension 'cmake'
[0.178s] [34mcolcon.colcon_core.package_identification[0m [1;30mLevel 1[0m _identify(src) by extension 'python'
[0.178s] [34mcolcon.colcon_core.package_identification[0m [1;30mLevel 1[0m _identify(src) by extensions ['python_setup_py']
[0.178s] [34mcolcon.colcon_core.package_identification[0m [1;30mLevel 1[0m _identify(src) by extension 'python_setup_py'
[0.178s] [34mcolcon.colcon_core.package_identification[0m [1;30mLevel 1[0m _identify(src/drone_video_feed) by extensions ['ignore', 'ignore_ament_install']
[0.178s] [34mcolcon.colcon_core.package_identification[0m [1;30mLevel 1[0m _identify(src/drone_video_feed) by extension 'ignore'
[0.179s] [34mcolcon.colcon_core.package_identification[0m [1;30mLevel 1[0m _identify(src/drone_video_feed) by extension 'ignore_ament_install'
[0.179s] [34mcolcon.colcon_core.package_identification[0m [1;30mLevel 1[0m _identify(src/drone_video_feed) by extensions ['colcon_pkg']
[0.179s] [34mcolcon.colcon_core.package_identification[0m [1;30mLevel 1[0m _identify(src/drone_video_feed) by extension 'colcon_pkg'
[0.179s] [34mcolcon.colcon_core.package_identification[0m [1;30mLevel 1[0m _identify(src/drone_video_feed) by extensions ['colcon_meta']
[0.179s] [34mcolcon.colcon_core.package_identification[0m [1;30mLevel 1[0m _identify(src/drone_video_feed) by extension 'colcon_meta'
[0.179s] [34mcolcon.colcon_core.package_identification[0m [1;30mLevel 1[0m _identify(src/drone_video_feed) by extensions ['ros']
[0.179s] [34mcolcon.colcon_core.package_identification[0m [1;30mLevel 1[0m _identify(src/drone_video_feed) by extension 'ros'
[0.181s] [34mcolcon.colcon_core.package_identification[0m [1;30mDEBUG[0m [32mPackage 'src/drone_video_feed' with type 'ros.ament_python' and name 'drone_video_feed'[0m
[0.181s] [34mcolcon.colcon_core.package_discovery[0m [1;30mLevel 1[0m discover_packages(recursive) using defaults
[0.181s] [34mcolcon.colcon_core.package_discovery[0m [1;30mLevel 1[0m discover_packages(ignore) discover
[0.181s] [34mcolcon.colcon_core.package_discovery[0m [1;30mLevel 1[0m discover_packages(ignore) using defaults
[0.181s] [34mcolcon.colcon_core.package_discovery[0m [1;30mLevel 1[0m discover_packages(path) discover
[0.181s] [34mcolcon.colcon_core.package_discovery[0m [1;30mLevel 1[0m discover_packages(path) using defaults
[0.199s] [34mcolcon.colcon_core.verb[0m [1;30mLevel 5[0m set package 'drone_video_feed' build argument 'cmake_args' from command line to 'None'
[0.199s] [34mcolcon.colcon_core.verb[0m [1;30mLevel 5[0m set package 'drone_video_feed' build argument 'cmake_target' from command line to 'None'
[0.199s] [34mcolcon.colcon_core.verb[0m [1;30mLevel 5[0m set package 'drone_video_feed' build argument 'cmake_target_skip_unavailable' from command line to 'False'
[0.199s] [34mcolcon.colcon_core.verb[0m [1;30mLevel 5[0m set package 'drone_video_feed' build argument 'cmake_clean_cache' from command line to 'False'
[0.199s] [34mcolcon.colcon_core.verb[0m [1;30mLevel 5[0m set package 'drone_video_feed' build argument 'cmake_clean_first' from command line to 'False'
[0.199s] [34mcolcon.colcon_core.verb[0m [1;30mLevel 5[0m set package 'drone_video_feed' build argument 'cmake_force_configure' from command line to 'False'
[0.199s] [34mcolcon.colcon_core.verb[0m [1;30mLevel 5[0m set package 'drone_video_feed' build argument 'ament_cmake_args' from command line to 'None'
[0.199s] [34mcolcon.colcon_core.verb[0m [1;30mLevel 5[0m set package 'drone_video_feed' build argument 'catkin_cmake_args' from command line to 'None'
[0.199s] [34mcolcon.colcon_core.verb[0m [1;30mLevel 5[0m set package 'drone_video_feed' build argument 'catkin_skip_building_tests' from command line to 'False'
[0.199s] [34mcolcon.colcon_core.verb[0m [1;30mDEBUG[0m [32mBuilding package 'drone_video_feed' with the following arguments: {'ament_cmake_args': None, 'build_base': '/Users/hannahgillespie/aod_detection/ros2_ws/build/drone_video_feed', 'catkin_cmake_args': None, 'catkin_skip_building_tests': False, 'cmake_args': None, 'cmake_clean_cache': False, 'cmake_clean_first': False, 'cmake_force_configure': False, 'cmake_target': None, 'cmake_target_skip_unavailable': False, 'install_base': '/Users/hannahgillespie/aod_detection/ros2_ws/install/drone_video_feed', 'merge_install': False, 'path': '/Users/hannahgillespie/aod_detection/ros2_ws/src/drone_video_feed', 'symlink_install': False, 'test_result_base': None}[0m
[0.199s] [34mcolcon.colcon_core.executor[0m [1;30mINFO[0m Executing jobs using 'parallel' executor
[0.199s] [34mcolcon.colcon_parallel_executor.executor.parallel[0m [1;30mDEBUG[0m [32mrun_until_complete[0m
[0.200s] [34mcolcon.colcon_ros.task.ament_python.build[0m [1;30mINFO[0m Building ROS package in '/Users/hannahgillespie/aod_detection/ros2_ws/src/drone_video_feed' with build type 'ament_python'
[0.200s] [34mcolcon.colcon_core.shell[0m [1;30mLevel 1[0m create_environment_hook('drone_video_feed', 'ament_prefix_path')
[0.202s] [34mcolcon.colcon_core.plugin_system[0m [1;30mINFO[0m Skipping extension 'colcon_core.shell.bat': Not used on non-Windows systems
[0.202s] [34mcolcon.colcon_core.shell[0m [1;30mINFO[0m Creating environment hook '/Users/hannahgillespie/aod_detection/ros2_ws/install/drone_video_feed/share/drone_video_feed/hook/ament_prefix_path.ps1'
[0.203s] [34mcolcon.colcon_core.shell[0m [1;30mINFO[0m Creating environment descriptor '/Users/hannahgillespie/aod_detection/ros2_ws/install/drone_video_feed/share/drone_video_feed/hook/ament_prefix_path.dsv'
[0.203s] [34mcolcon.colcon_core.shell[0m [1;30mINFO[0m Creating environment hook '/Users/hannahgillespie/aod_detection/ros2_ws/install/drone_video_feed/share/drone_video_feed/hook/ament_prefix_path.sh'
[0.204s] [34mcolcon.colcon_core.shell[0m [1;30mINFO[0m Skip shell extension 'powershell' for command environment: Not usable outside of PowerShell
[0.204s] [34mcolcon.colcon_core.shell[0m [1;30mDEBUG[0m [32mSkip shell extension 'dsv' for command environment[0m
[0.206s] [34mcolcon.colcon_core.shell[0m [1;30mDEBUG[0m [32mIgnoring prefix path '/Users/hannahgillespie/aod_detection/ros2_ws'[0m
[0.344s] [34mcolcon.colcon_core.task.python.build[0m [1;30mINFO[0m Building Python package in '/Users/hannahgillespie/aod_detection/ros2_ws/src/drone_video_feed'
[0.344s] [34mcolcon.colcon_core.shell[0m [1;30mINFO[0m Skip shell extension 'powershell' for command environment: Not usable outside of PowerShell
[0.344s] [34mcolcon.colcon_core.shell[0m [1;30mDEBUG[0m [32mSkip shell extension 'dsv' for command environment[0m
[0.345s] [34mcolcon.colcon_core.shell[0m [1;30mDEBUG[0m [32mIgnoring prefix path '/Users/hannahgillespie/aod_detection/ros2_ws'[0m
[0.687s] [34mcolcon.colcon_core.event_handler.log_command[0m [1;30mDEBUG[0m [32mInvoking command in '/Users/hannahgillespie/aod_detection/ros2_ws/src/drone_video_feed': CONDA_PROMPT_MODIFIER=(ros2_env) PYTHONPATH=/Users/hannahgillespie/aod_detection/ros2_ws/build/drone_video_feed/prefix_override:/Users/hannahgillespie/miniconda3/envs/ros2_env/lib/python3.10/site-packages/colcon_core/task/python/colcon_distutils_commands:/Users/hannahgillespie/aod_detection/ros2_ws/install/drone_video_feed/lib/python3.10/site-packages:${PYTHONPATH} SHLVL=3 _=/Users/hannahgillespie/miniconda3/envs/ros2_env/bin/env __CF_USER_TEXT_ENCODING=0x1F5:0x0:0x0 /Users/hannahgillespie/miniconda3/envs/ros2_env/bin/python3.10 -W ignore:setup.py install is deprecated setup.py egg_info --egg-base ../../build/drone_video_feed build --build-base /Users/hannahgillespie/aod_detection/ros2_ws/build/drone_video_feed/build install --record /Users/hannahgillespie/aod_detection/ros2_ws/build/drone_video_feed/install.log --single-version-externally-managed install_data[0m
[0.953s] [34mcolcon.colcon_core.event_handler.log_command[0m [1;30mDEBUG[0m [32mInvoked command in '/Users/hannahgillespie/aod_detection/ros2_ws/src/drone_video_feed' returned '0': CONDA_PROMPT_MODIFIER=(ros2_env) PYTHONPATH=/Users/hannahgillespie/aod_detection/ros2_ws/build/drone_video_feed/prefix_override:/Users/hannahgillespie/miniconda3/envs/ros2_env/lib/python3.10/site-packages/colcon_core/task/python/colcon_distutils_commands:/Users/hannahgillespie/aod_detection/ros2_ws/install/drone_video_feed/lib/python3.10/site-packages:${PYTHONPATH} SHLVL=3 _=/Users/hannahgillespie/miniconda3/envs/ros2_env/bin/env __CF_USER_TEXT_ENCODING=0x1F5:0x0:0x0 /Users/hannahgillespie/miniconda3/envs/ros2_env/bin/python3.10 -W ignore:setup.py install is deprecated setup.py egg_info --egg-base ../../build/drone_video_feed build --build-base /Users/hannahgillespie/aod_detection/ros2_ws/build/drone_video_feed/build install --record /Users/hannahgillespie/aod_detection/ros2_ws/build/drone_video_feed/install.log --single-version-externally-managed install_data[0m
[0.954s] [34mcolcon.colcon_core.environment[0m [1;30mLevel 1[0m checking '/Users/hannahgillespie/aod_detection/ros2_ws/install/drone_video_feed' for CMake module files
[0.955s] [34mcolcon.colcon_core.environment[0m [1;30mLevel 1[0m checking '/Users/hannahgillespie/aod_detection/ros2_ws/install/drone_video_feed' for CMake config files
[0.956s] [34mcolcon.colcon_core.environment[0m [1;30mLevel 1[0m checking '/Users/hannahgillespie/aod_detection/ros2_ws/install/drone_video_feed/lib'
[0.956s] [34mcolcon.colcon_core.environment[0m [1;30mLevel 1[0m checking '/Users/hannahgillespie/aod_detection/ros2_ws/install/drone_video_feed/bin'
[0.956s] [34mcolcon.colcon_core.environment[0m [1;30mLevel 1[0m checking '/Users/hannahgillespie/aod_detection/ros2_ws/install/drone_video_feed/lib/pkgconfig/drone_video_feed.pc'
[0.956s] [34mcolcon.colcon_core.environment[0m [1;30mLevel 1[0m checking '/Users/hannahgillespie/aod_detection/ros2_ws/install/drone_video_feed/lib/python3.10/site-packages'
[0.956s] [34mcolcon.colcon_core.shell[0m [1;30mLevel 1[0m create_environment_hook('drone_video_feed', 'pythonpath')
[0.956s] [34mcolcon.colcon_core.shell[0m [1;30mINFO[0m Creating environment hook '/Users/hannahgillespie/aod_detection/ros2_ws/install/drone_video_feed/share/drone_video_feed/hook/pythonpath.ps1'
[0.957s] [34mcolcon.colcon_core.shell[0m [1;30mINFO[0m Creating environment descriptor '/Users/hannahgillespie/aod_detection/ros2_ws/install/drone_video_feed/share/drone_video_feed/hook/pythonpath.dsv'
[0.958s] [34mcolcon.colcon_core.shell[0m [1;30mINFO[0m Creating environment hook '/Users/hannahgillespie/aod_detection/ros2_ws/install/drone_video_feed/share/drone_video_feed/hook/pythonpath.sh'
[0.958s] [34mcolcon.colcon_core.environment[0m [1;30mLevel 1[0m checking '/Users/hannahgillespie/aod_detection/ros2_ws/install/drone_video_feed/bin'
[0.958s] [34mcolcon.colcon_core.environment[0m [1;30mLevel 1[0m create_environment_scripts_only(drone_video_feed)
[0.958s] [34mcolcon.colcon_core.shell[0m [1;30mINFO[0m Creating package script '/Users/hannahgillespie/aod_detection/ros2_ws/install/drone_video_feed/share/drone_video_feed/package.ps1'
[0.959s] [34mcolcon.colcon_core.shell[0m [1;30mINFO[0m Creating package descriptor '/Users/hannahgillespie/aod_detection/ros2_ws/install/drone_video_feed/share/drone_video_feed/package.dsv'
[0.959s] [34mcolcon.colcon_core.shell[0m [1;30mINFO[0m Creating package script '/Users/hannahgillespie/aod_detection/ros2_ws/install/drone_video_feed/share/drone_video_feed/package.sh'
[0.960s] [34mcolcon.colcon_core.shell[0m [1;30mINFO[0m Creating package script '/Users/hannahgillespie/aod_detection/ros2_ws/install/drone_video_feed/share/drone_video_feed/package.bash'
[0.961s] [34mcolcon.colcon_core.shell[0m [1;30mINFO[0m Creating package script '/Users/hannahgillespie/aod_detection/ros2_ws/install/drone_video_feed/share/drone_video_feed/package.zsh'
[0.961s] [34mcolcon.colcon_core.environment[0m [1;30mLevel 1[0m create_file_with_runtime_dependencies(/Users/hannahgillespie/aod_detection/ros2_ws/install/drone_video_feed/share/colcon-core/packages/drone_video_feed)
[0.962s] [34mcolcon.colcon_parallel_executor.executor.parallel[0m [1;30mDEBUG[0m [32mclosing loop[0m
[0.962s] [34mcolcon.colcon_parallel_executor.executor.parallel[0m [1;30mDEBUG[0m [32mloop closed[0m
[0.962s] [34mcolcon.colcon_parallel_executor.executor.parallel[0m [1;30mDEBUG[0m [32mrun_until_complete finished with '0'[0m
[0.962s] [34mcolcon.colcon_core.event_reactor[0m [1;30mDEBUG[0m [32mjoining thread[0m
[0.962s] [34mcolcon.colcon_core.event_reactor[0m [1;30mDEBUG[0m [32mjoined thread[0m
[0.962s] [34mcolcon.colcon_core.shell[0m [1;30mINFO[0m Creating prefix script '/Users/hannahgillespie/aod_detection/ros2_ws/install/local_setup.ps1'
[0.963s] [34mcolcon.colcon_core.shell[0m [1;30mINFO[0m Creating prefix util module '/Users/hannahgillespie/aod_detection/ros2_ws/install/_local_setup_util_ps1.py'
[0.964s] [34mcolcon.colcon_core.shell[0m [1;30mINFO[0m Creating prefix chain script '/Users/hannahgillespie/aod_detection/ros2_ws/install/setup.ps1'
[0.965s] [34mcolcon.colcon_core.shell[0m [1;30mINFO[0m Creating prefix script '/Users/hannahgillespie/aod_detection/ros2_ws/install/local_setup.sh'
[0.965s] [34mcolcon.colcon_core.shell[0m [1;30mINFO[0m Creating prefix util module '/Users/hannahgillespie/aod_detection/ros2_ws/install/_local_setup_util_sh.py'
[0.965s] [34mcolcon.colcon_core.shell[0m [1;30mINFO[0m Creating prefix chain script '/Users/hannahgillespie/aod_detection/ros2_ws/install/setup.sh'
[0.966s] [34mcolcon.colcon_core.shell[0m [1;30mINFO[0m Creating prefix script '/Users/hannahgillespie/aod_detection/ros2_ws/install/local_setup.bash'
[0.966s] [34mcolcon.colcon_core.shell[0m [1;30mINFO[0m Creating prefix chain script '/Users/hannahgillespie/aod_detection/ros2_ws/install/setup.bash'
[0.967s] [34mcolcon.colcon_core.shell[0m [1;30mINFO[0m Creating prefix script '/Users/hannahgillespie/aod_detection/ros2_ws/install/local_setup.zsh'
[0.968s] [34mcolcon.colcon_core.shell[0m [1;30mINFO[0m Creating prefix chain script '/Users/hannahgillespie/aod_detection/ros2_ws/install/setup.zsh'
