[1.311s] Invoking command in '/Users/hannahgillespie/aod_detection/ros2_ws/src/drone_video_feed': CONDA_PROMPT_MODIFIER=(ros_env) PYTHONPATH=/Users/hannahgillespie/aod_detection/ros2_ws/build/drone_video_feed/prefix_override:/Users/hannahgillespie/miniconda3/envs/ros_env/lib/python3.10/site-packages/colcon_core/task/python/colcon_distutils_commands:/Users/hannahgillespie/aod_detection/ros2_ws/install/drone_video_feed/lib/python3.10/site-packages:${PYTHONPATH} SHLVL=2 _=/Users/hannahgillespie/miniconda3/envs/ros_env/bin/env __CF_USER_TEXT_ENCODING=0x1F5:0x0:0x0 /Users/hannahgillespie/miniconda3/envs/ros_env/bin/python3.10 -W ignore:setup.py install is deprecated setup.py egg_info --egg-base ../../build/drone_video_feed build --build-base /Users/hannahgillespie/aod_detection/ros2_ws/build/drone_video_feed/build install --record /Users/hannahgillespie/aod_detection/ros2_ws/build/drone_video_feed/install.log --single-version-externally-managed install_data
[1.939s] running egg_info
[1.985s] writing ../../build/drone_video_feed/drone_video_feed.egg-info/PKG-INFO
[2.025s] writing dependency_links to ../../build/drone_video_feed/drone_video_feed.egg-info/dependency_links.txt
[2.127s] writing entry points to ../../build/drone_video_feed/drone_video_feed.egg-info/entry_points.txt
[2.197s] writing requirements to ../../build/drone_video_feed/drone_video_feed.egg-info/requires.txt
[2.232s] writing top-level names to ../../build/drone_video_feed/drone_video_feed.egg-info/top_level.txt
[2.289s] reading manifest file '../../build/drone_video_feed/drone_video_feed.egg-info/SOURCES.txt'
[2.290s] writing manifest file '../../build/drone_video_feed/drone_video_feed.egg-info/SOURCES.txt'
[2.291s] running build
[2.291s] running build_py
[2.291s] copying drone_video_feed/__init__.py -> /Users/hannahgillespie/aod_detection/ros2_ws/build/drone_video_feed/build/lib/drone_video_feed
[2.291s] running install
[2.296s] running install_lib
[2.342s] copying /Users/hannahgillespie/aod_detection/ros2_ws/build/drone_video_feed/build/lib/drone_video_feed/__init__.py -> /Users/hannahgillespie/aod_detection/ros2_ws/install/drone_video_feed/lib/python3.10/site-packages/drone_video_feed
[2.343s] byte-compiling /Users/hannahgillespie/aod_detection/ros2_ws/install/drone_video_feed/lib/python3.10/site-packages/drone_video_feed/__init__.py to __init__.cpython-310.pyc
[2.343s] running install_data
[2.343s] copying resource/drone_video_feed -> /Users/hannahgillespie/aod_detection/ros2_ws/install/drone_video_feed/share/ament_index/resource_index/packages
[2.344s] copying package.xml -> /Users/hannahgillespie/aod_detection/ros2_ws/install/drone_video_feed/share/drone_video_feed
[2.344s] creating /Users/hannahgillespie/aod_detection/ros2_ws/install/drone_video_feed/share/drone_video_feed/launch
[2.344s] copying launch/launch.py -> /Users/hannahgillespie/aod_detection/ros2_ws/install/drone_video_feed/share/drone_video_feed/launch
[2.344s] creating /Users/hannahgillespie/aod_detection/ros2_ws/install/drone_video_feed/share/drone_video_feed/config
[2.344s] copying config/quadcopter_camera.rviz -> /Users/hannahgillespie/aod_detection/ros2_ws/install/drone_video_feed/share/drone_video_feed/config
[2.345s] running install_egg_info
[2.393s] Copying ../../build/drone_video_feed/drone_video_feed.egg-info to /Users/hannahgillespie/aod_detection/ros2_ws/install/drone_video_feed/lib/python3.10/site-packages/drone_video_feed-0.0.1-py3.10.egg-info
[2.395s] running install_scripts
[2.498s] Installing quadcopter_controller script to /Users/hannahgillespie/aod_detection/ros2_ws/install/drone_video_feed/lib/drone_video_feed
[2.498s] Installing video_feed_node script to /Users/hannahgillespie/aod_detection/ros2_ws/install/drone_video_feed/lib/drone_video_feed
[2.498s] writing list of installed files to '/Users/hannahgillespie/aod_detection/ros2_ws/build/drone_video_feed/install.log'
[2.521s] Invoked command in '/Users/hannahgillespie/aod_detection/ros2_ws/src/drone_video_feed' returned '0': CONDA_PROMPT_MODIFIER=(ros_env) PYTHONPATH=/Users/hannahgillespie/aod_detection/ros2_ws/build/drone_video_feed/prefix_override:/Users/hannahgillespie/miniconda3/envs/ros_env/lib/python3.10/site-packages/colcon_core/task/python/colcon_distutils_commands:/Users/hannahgillespie/aod_detection/ros2_ws/install/drone_video_feed/lib/python3.10/site-packages:${PYTHONPATH} SHLVL=2 _=/Users/hannahgillespie/miniconda3/envs/ros_env/bin/env __CF_USER_TEXT_ENCODING=0x1F5:0x0:0x0 /Users/hannahgillespie/miniconda3/envs/ros_env/bin/python3.10 -W ignore:setup.py install is deprecated setup.py egg_info --egg-base ../../build/drone_video_feed build --build-base /Users/hannahgillespie/aod_detection/ros2_ws/build/drone_video_feed/build install --record /Users/hannahgillespie/aod_detection/ros2_ws/build/drone_video_feed/install.log --single-version-externally-managed install_data
